<?xml version="1.0" encoding="UTF-8"?>
<testng-results ignored="2" total="8" passed="5" failed="1" skipped="0">
  <reporter-output>
    <line>
      <![CDATA[Report configuration]]>
    </line>
    <line>
      <![CDATA[=== connect to DB , report config  BS ===]]>
    </line>
    <line>
      <![CDATA[=====Launch Browser BC=======]]>
    </line>
    <line>
      <![CDATA[=== Login to application BM=====]]>
    </line>
    <line>
      <![CDATA[====>createorganTest<=======START=====]]>
    </line>
    <line>
      <![CDATA[==== Logout AM =====]]>
    </line>
    <line>
      <![CDATA[=== Login to application BM=====]]>
    </line>
    <line>
      <![CDATA[====>createorganWithIndTest<=======START=====]]>
    </line>
    <line>
      <![CDATA[Energy]]>
    </line>
    <line>
      <![CDATA[Press]]>
    </line>
    <line>
      <![CDATA[====>createorganWithIndTest<=======END=====]]>
    </line>
    <line>
      <![CDATA[==== Logout AM =====]]>
    </line>
    <line>
      <![CDATA[=== Login to application BM=====]]>
    </line>
    <line>
      <![CDATA[====>createorgwithphonenoTest<=======START=====]]>
    </line>
    <line>
      <![CDATA[phonenumberDATA]]>
    </line>
    <line>
      <![CDATA[9898989898]]>
    </line>
    <line>
      <![CDATA[9898989898]]>
    </line>
    <line>
      <![CDATA[====>createorgwithphonenoTest<=======END=====]]>
    </line>
    <line>
      <![CDATA[==== Logout AM =====]]>
    </line>
    <line>
      <![CDATA[=====Launch Browser BC=======]]>
    </line>
    <line>
      <![CDATA[=== Login to application BM=====]]>
    </line>
    <line>
      <![CDATA[====>createContactTest<=======START=====]]>
    </line>
    <line>
      <![CDATA[====>createContactTest<=======END=====]]>
    </line>
    <line>
      <![CDATA[==== Logout AM =====]]>
    </line>
    <line>
      <![CDATA[=== Login to application BM=====]]>
    </line>
    <line>
      <![CDATA[====>createContactWithOrgTest<=======START=====]]>
    </line>
    <line>
      <![CDATA[====>createContactWithOrgTest<=======END=====]]>
    </line>
    <line>
      <![CDATA[==== Logout AM =====]]>
    </line>
    <line>
      <![CDATA[=== Login to application BM=====]]>
    </line>
    <line>
      <![CDATA[====>createcontactwithsupportDateTest<=======START=====]]>
    </line>
    <line>
      <![CDATA[====>createcontactwithsupportDateTest<=======END=====]]>
    </line>
    <line>
      <![CDATA[==== Logout AM =====]]>
    </line>
    <line>
      <![CDATA[==== close the Browser AC======]]>
    </line>
    <line>
      <![CDATA[=== close DB, Report Backup AS ====]]>
    </line>
  </reporter-output>
  <suite started-at="2024-11-11T10:14:24 IST" name="Suite" finished-at="2024-11-11T10:16:40 IST" duration-ms="136068">
    <groups>
      <group name="regressiontest">
        <method signature="CreateContact_Org_SupDate_Test.createContactWithOrgTest()[pri:0, instance:com.comcast.crm.contacttest.CreateContact_Org_SupDate_Test@5158b42f]" name="createContactWithOrgTest" class="com.comcast.crm.contacttest.CreateContact_Org_SupDate_Test"/>
        <method signature="CreateContact_Org_SupDate_Test.createcontactwithsupportDateTest()[pri:0, instance:com.comcast.crm.contacttest.CreateContact_Org_SupDate_Test@5158b42f]" name="createcontactwithsupportDateTest" class="com.comcast.crm.contacttest.CreateContact_Org_SupDate_Test"/>
        <method signature="CreateOrg_Indu_Phone_Test.createorganWithIndTest()[pri:0, instance:com.comcast.crm.orgtest.CreateOrg_Indu_Phone_Test@37afeb11]" name="createorganWithIndTest" class="com.comcast.crm.orgtest.CreateOrg_Indu_Phone_Test"/>
        <method signature="CreateOrg_Indu_Phone_Test.createorgwithphonenoTest()[pri:0, instance:com.comcast.crm.orgtest.CreateOrg_Indu_Phone_Test@37afeb11]" name="createorgwithphonenoTest" class="com.comcast.crm.orgtest.CreateOrg_Indu_Phone_Test"/>
      </group> <!-- regressiontest -->
      <group name="smoketest">
        <method signature="CreateContact_Org_SupDate_Test.createContactTest()[pri:0, instance:com.comcast.crm.contacttest.CreateContact_Org_SupDate_Test@5158b42f]" name="createContactTest" class="com.comcast.crm.contacttest.CreateContact_Org_SupDate_Test"/>
        <method signature="CreateOrg_Indu_Phone_Test.createorganTest()[pri:0, instance:com.comcast.crm.orgtest.CreateOrg_Indu_Phone_Test@37afeb11]" name="createorganTest" class="com.comcast.crm.orgtest.CreateOrg_Indu_Phone_Test"/>
      </group> <!-- smoketest -->
    </groups>
    <test started-at="2024-11-11T10:14:24 IST" name="Test" finished-at="2024-11-11T10:16:40 IST" duration-ms="136068">
      <class name="com.comcast.crm.contacttest.CreateContact_Org_SupDate_Test">
        <test-method is-config="true" signature="configBC()[pri:0, instance:com.comcast.crm.contacttest.CreateContact_Org_SupDate_Test@5158b42f]" started-at="2024-11-11T10:15:25 IST" name="configBC" finished-at="2024-11-11T10:15:34 IST" duration-ms="8951" status="PASS">
          <reporter-output>
            <line>
              <![CDATA[=====Launch Browser BC=======]]>
            </line>
          </reporter-output>
        </test-method> <!-- configBC -->
        <test-method is-config="true" signature="configBM()[pri:0, instance:com.comcast.crm.contacttest.CreateContact_Org_SupDate_Test@5158b42f]" started-at="2024-11-11T10:15:34 IST" name="configBM" finished-at="2024-11-11T10:15:41 IST" duration-ms="7090" status="PASS">
          <reporter-output>
            <line>
              <![CDATA[=== Login to application BM=====]]>
            </line>
          </reporter-output>
        </test-method> <!-- configBM -->
        <test-method signature="createContactTest()[pri:0, instance:com.comcast.crm.contacttest.CreateContact_Org_SupDate_Test@5158b42f]" started-at="2024-11-11T10:15:41 IST" name="createContactTest" finished-at="2024-11-11T10:15:52 IST" duration-ms="10859" status="PASS">
          <reporter-output>
            <line>
              <![CDATA[====>createContactTest<=======START=====]]>
            </line>
            <line>
              <![CDATA[====>createContactTest<=======END=====]]>
            </line>
          </reporter-output>
        </test-method> <!-- createContactTest -->
        <test-method is-config="true" signature="configAM()[pri:0, instance:com.comcast.crm.contacttest.CreateContact_Org_SupDate_Test@5158b42f]" started-at="2024-11-11T10:15:52 IST" name="configAM" finished-at="2024-11-11T10:15:53 IST" duration-ms="1487" status="PASS">
          <reporter-output>
            <line>
              <![CDATA[==== Logout AM =====]]>
            </line>
          </reporter-output>
        </test-method> <!-- configAM -->
        <test-method is-config="true" signature="configBM()[pri:0, instance:com.comcast.crm.contacttest.CreateContact_Org_SupDate_Test@5158b42f]" started-at="2024-11-11T10:15:53 IST" name="configBM" finished-at="2024-11-11T10:15:57 IST" duration-ms="3339" status="PASS">
          <reporter-output>
            <line>
              <![CDATA[=== Login to application BM=====]]>
            </line>
          </reporter-output>
        </test-method> <!-- configBM -->
        <test-method signature="createContactWithOrgTest()[pri:0, instance:com.comcast.crm.contacttest.CreateContact_Org_SupDate_Test@5158b42f]" started-at="2024-11-11T10:15:57 IST" name="createContactWithOrgTest" finished-at="2024-11-11T10:16:19 IST" duration-ms="22135" status="PASS">
          <reporter-output>
            <line>
              <![CDATA[====>createContactWithOrgTest<=======START=====]]>
            </line>
            <line>
              <![CDATA[====>createContactWithOrgTest<=======END=====]]>
            </line>
          </reporter-output>
        </test-method> <!-- createContactWithOrgTest -->
        <test-method is-config="true" signature="configAM()[pri:0, instance:com.comcast.crm.contacttest.CreateContact_Org_SupDate_Test@5158b42f]" started-at="2024-11-11T10:16:19 IST" name="configAM" finished-at="2024-11-11T10:16:21 IST" duration-ms="1764" status="PASS">
          <reporter-output>
            <line>
              <![CDATA[==== Logout AM =====]]>
            </line>
          </reporter-output>
        </test-method> <!-- configAM -->
        <test-method is-config="true" signature="configBM()[pri:0, instance:com.comcast.crm.contacttest.CreateContact_Org_SupDate_Test@5158b42f]" started-at="2024-11-11T10:16:21 IST" name="configBM" finished-at="2024-11-11T10:16:24 IST" duration-ms="3029" status="PASS">
          <reporter-output>
            <line>
              <![CDATA[=== Login to application BM=====]]>
            </line>
          </reporter-output>
        </test-method> <!-- configBM -->
        <test-method signature="createcontactwithsupportDateTest()[pri:0, instance:com.comcast.crm.contacttest.CreateContact_Org_SupDate_Test@5158b42f]" started-at="2024-11-11T10:16:24 IST" name="createcontactwithsupportDateTest" finished-at="2024-11-11T10:16:35 IST" duration-ms="11765" status="PASS">
          <reporter-output>
            <line>
              <![CDATA[====>createcontactwithsupportDateTest<=======START=====]]>
            </line>
            <line>
              <![CDATA[====>createcontactwithsupportDateTest<=======END=====]]>
            </line>
          </reporter-output>
        </test-method> <!-- createcontactwithsupportDateTest -->
        <test-method is-config="true" signature="configAM()[pri:0, instance:com.comcast.crm.contacttest.CreateContact_Org_SupDate_Test@5158b42f]" started-at="2024-11-11T10:16:35 IST" name="configAM" finished-at="2024-11-11T10:16:37 IST" duration-ms="1828" status="PASS">
          <reporter-output>
            <line>
              <![CDATA[==== Logout AM =====]]>
            </line>
          </reporter-output>
        </test-method> <!-- configAM -->
        <test-method is-config="true" signature="configAC()[pri:0, instance:com.comcast.crm.contacttest.CreateContact_Org_SupDate_Test@5158b42f]" started-at="2024-11-11T10:16:37 IST" name="configAC" finished-at="2024-11-11T10:16:40 IST" duration-ms="2986" status="PASS">
          <reporter-output>
            <line>
              <![CDATA[==== close the Browser AC======]]>
            </line>
          </reporter-output>
        </test-method> <!-- configAC -->
      </class> <!-- com.comcast.crm.contacttest.CreateContact_Org_SupDate_Test -->
      <class name="com.comcast.crm.orgtest.CreateOrg_Indu_Phone_Test">
        <test-method is-config="true" signature="configBS()[pri:0, instance:com.comcast.crm.orgtest.CreateOrg_Indu_Phone_Test@37afeb11]" started-at="2024-11-11T10:14:23 IST" name="configBS" finished-at="2024-11-11T10:14:24 IST" duration-ms="801" status="PASS">
          <reporter-output>
            <line>
              <![CDATA[=== connect to DB , report config  BS ===]]>
            </line>
          </reporter-output>
        </test-method> <!-- configBS -->
        <test-method is-config="true" signature="configBC()[pri:0, instance:com.comcast.crm.orgtest.CreateOrg_Indu_Phone_Test@37afeb11]" started-at="2024-11-11T10:14:24 IST" name="configBC" finished-at="2024-11-11T10:14:35 IST" duration-ms="10878" status="PASS">
          <reporter-output>
            <line>
              <![CDATA[=====Launch Browser BC=======]]>
            </line>
          </reporter-output>
        </test-method> <!-- configBC -->
        <test-method is-config="true" signature="configBM()[pri:0, instance:com.comcast.crm.orgtest.CreateOrg_Indu_Phone_Test@37afeb11]" started-at="2024-11-11T10:14:35 IST" name="configBM" finished-at="2024-11-11T10:14:41 IST" duration-ms="6126" status="PASS">
          <reporter-output>
            <line>
              <![CDATA[=== Login to application BM=====]]>
            </line>
          </reporter-output>
        </test-method> <!-- configBM -->
        <test-method signature="createorganTest()[pri:0, instance:com.comcast.crm.orgtest.CreateOrg_Indu_Phone_Test@37afeb11]" started-at="2024-11-11T10:14:41 IST" name="createorganTest" finished-at="2024-11-11T10:14:52 IST" duration-ms="10442" status="FAIL">
          <exception class="java.lang.AssertionError">
            <message>
              <![CDATA[expected [true] but found [false]]]>
            </message>
            <full-stacktrace>
              <![CDATA[java.lang.AssertionError: expected [true] but found [false]
at org.testng.Assert.fail(Assert.java:110)
at org.testng.Assert.failNotEquals(Assert.java:1577)
at org.testng.Assert.assertTrue(Assert.java:56)
at org.testng.Assert.assertTrue(Assert.java:66)
at com.comcast.crm.assertUtility.assertUtility.hardAssert(assertUtility.java:21)
at com.comcast.crm.orgtest.CreateOrg_Indu_Phone_Test.createorganTest(CreateOrg_Indu_Phone_Test.java:51)
at java.base/jdk.internal.reflect.NativeMethodAccessorImpl.invoke0(Native Method)
at java.base/jdk.internal.reflect.NativeMethodAccessorImpl.invoke(NativeMethodAccessorImpl.java:77)
at java.base/jdk.internal.reflect.DelegatingMethodAccessorImpl.invoke(DelegatingMethodAccessorImpl.java:43)
at java.base/java.lang.reflect.Method.invoke(Method.java:568)
at org.testng.internal.invokers.MethodInvocationHelper.invokeMethod(MethodInvocationHelper.java:139)
at org.testng.internal.invokers.TestInvoker.invokeMethod(TestInvoker.java:677)
at org.testng.internal.invokers.TestInvoker.invokeTestMethod(TestInvoker.java:221)
at org.testng.internal.invokers.MethodRunner.runInSequence(MethodRunner.java:50)
at org.testng.internal.invokers.TestInvoker$MethodInvocationAgent.invoke(TestInvoker.java:969)
at org.testng.internal.invokers.TestInvoker.invokeTestMethods(TestInvoker.java:194)
at org.testng.internal.invokers.TestMethodWorker.invokeTestMethods(TestMethodWorker.java:148)
at org.testng.internal.invokers.TestMethodWorker.run(TestMethodWorker.java:128)
at java.base/java.util.ArrayList.forEach(ArrayList.java:1511)
at org.testng.TestRunner.privateRun(TestRunner.java:829)
at org.testng.TestRunner.run(TestRunner.java:602)
at org.testng.SuiteRunner.runTest(SuiteRunner.java:437)
at org.testng.SuiteRunner.runSequentially(SuiteRunner.java:431)
at org.testng.SuiteRunner.privateRun(SuiteRunner.java:391)
at org.testng.SuiteRunner.run(SuiteRunner.java:330)
at org.testng.SuiteRunnerWorker.runSuite(SuiteRunnerWorker.java:52)
at org.testng.SuiteRunnerWorker.run(SuiteRunnerWorker.java:95)
at org.testng.TestNG.runSuitesSequentially(TestNG.java:1256)
at org.testng.TestNG.runSuitesLocally(TestNG.java:1176)
at org.testng.TestNG.runSuites(TestNG.java:1099)
at org.testng.TestNG.run(TestNG.java:1067)
at org.apache.maven.surefire.testng.TestNGExecutor.run(TestNGExecutor.java:308)
at org.apache.maven.surefire.testng.TestNGXmlTestSuite.execute(TestNGXmlTestSuite.java:71)
at org.apache.maven.surefire.testng.TestNGProvider.invoke(TestNGProvider.java:113)
at org.apache.maven.surefire.booter.ForkedBooter.runSuitesInProcess(ForkedBooter.java:385)
at org.apache.maven.surefire.booter.ForkedBooter.execute(ForkedBooter.java:162)
at org.apache.maven.surefire.booter.ForkedBooter.run(ForkedBooter.java:507)
at org.apache.maven.surefire.booter.ForkedBooter.main(ForkedBooter.java:495)
]]>
            </full-stacktrace>
          </exception> <!-- java.lang.AssertionError -->
          <reporter-output>
            <line>
              <![CDATA[====>createorganTest<=======START=====]]>
            </line>
          </reporter-output>
        </test-method> <!-- createorganTest -->
        <test-method is-config="true" signature="configAM()[pri:0, instance:com.comcast.crm.orgtest.CreateOrg_Indu_Phone_Test@37afeb11]" started-at="2024-11-11T10:14:52 IST" name="configAM" finished-at="2024-11-11T10:14:53 IST" duration-ms="1552" status="PASS">
          <reporter-output>
            <line>
              <![CDATA[==== Logout AM =====]]>
            </line>
          </reporter-output>
        </test-method> <!-- configAM -->
        <test-method is-config="true" signature="configBM()[pri:0, instance:com.comcast.crm.orgtest.CreateOrg_Indu_Phone_Test@37afeb11]" started-at="2024-11-11T10:14:53 IST" name="configBM" finished-at="2024-11-11T10:14:56 IST" duration-ms="2877" status="PASS">
          <reporter-output>
            <line>
              <![CDATA[=== Login to application BM=====]]>
            </line>
          </reporter-output>
        </test-method> <!-- configBM -->
        <test-method signature="createorganWithIndTest()[pri:0, instance:com.comcast.crm.orgtest.CreateOrg_Indu_Phone_Test@37afeb11]" started-at="2024-11-11T10:14:56 IST" name="createorganWithIndTest" finished-at="2024-11-11T10:15:08 IST" duration-ms="11458" status="PASS">
          <reporter-output>
            <line>
              <![CDATA[====>createorganWithIndTest<=======START=====]]>
            </line>
            <line>
              <![CDATA[Energy]]>
            </line>
            <line>
              <![CDATA[Press]]>
            </line>
            <line>
              <![CDATA[====>createorganWithIndTest<=======END=====]]>
            </line>
          </reporter-output>
        </test-method> <!-- createorganWithIndTest -->
        <test-method is-config="true" signature="configAM()[pri:0, instance:com.comcast.crm.orgtest.CreateOrg_Indu_Phone_Test@37afeb11]" started-at="2024-11-11T10:15:08 IST" name="configAM" finished-at="2024-11-11T10:15:10 IST" duration-ms="1834" status="PASS">
          <reporter-output>
            <line>
              <![CDATA[==== Logout AM =====]]>
            </line>
          </reporter-output>
        </test-method> <!-- configAM -->
        <test-method is-config="true" signature="configBM()[pri:0, instance:com.comcast.crm.orgtest.CreateOrg_Indu_Phone_Test@37afeb11]" started-at="2024-11-11T10:15:10 IST" name="configBM" finished-at="2024-11-11T10:15:13 IST" duration-ms="3154" status="PASS">
          <reporter-output>
            <line>
              <![CDATA[=== Login to application BM=====]]>
            </line>
          </reporter-output>
        </test-method> <!-- configBM -->
        <test-method signature="createorgwithphonenoTest()[pri:0, instance:com.comcast.crm.orgtest.CreateOrg_Indu_Phone_Test@37afeb11]" started-at="2024-11-11T10:15:13 IST" name="createorgwithphonenoTest" finished-at="2024-11-11T10:15:25 IST" duration-ms="11881" status="PASS">
          <reporter-output>
            <line>
              <![CDATA[====>createorgwithphonenoTest<=======START=====]]>
            </line>
            <line>
              <![CDATA[phonenumberDATA]]>
            </line>
            <line>
              <![CDATA[9898989898]]>
            </line>
            <line>
              <![CDATA[9898989898]]>
            </line>
            <line>
              <![CDATA[====>createorgwithphonenoTest<=======END=====]]>
            </line>
          </reporter-output>
        </test-method> <!-- createorgwithphonenoTest -->
        <test-method is-config="true" signature="configAM()[pri:0, instance:com.comcast.crm.orgtest.CreateOrg_Indu_Phone_Test@37afeb11]" started-at="2024-11-11T10:15:25 IST" name="configAM" finished-at="2024-11-11T10:15:25 IST" duration-ms="282" status="FAIL">
          <exception class="org.openqa.selenium.ElementNotInteractableException">
            <message>
              <![CDATA[element not interactable: element has zero size
  (Session info: MicrosoftEdge=130.0.2849.68)
Build info: version: '4.12.0', revision: '249f2a7d1b*'
System info: os.name: 'Windows 10', os.arch: 'amd64', os.version: '10.0', java.version: '17.0.10'
Driver info: org.openqa.selenium.edge.EdgeDriver
Command: [6a3c6a82bc95a5942743f49e0d9caa18, clickElement {id=f.74BA0D3A7278B19855E7EB48C0A2C25E.d.960288A55520FC7B77E92CF1AD9D0EF8.e.1754}]
Capabilities {acceptInsecureCerts: false, browserName: MicrosoftEdge, browserVersion: 130.0.2849.68, fedcm:accounts: true, ms:edgeOptions: {debuggerAddress: localhost:60191}, msedge: {msedgedriverVersion: 130.0.2849.80 (bbf5e2881b22..., userDataDir: C:\Users\BHIMAS~1\AppData\L...}, networkConnectionEnabled: false, pageLoadStrategy: normal, platformName: windows, proxy: Proxy(), se:cdp: ws://localhost:60191/devtoo..., se:cdpVersion: 130.0.2849.68, setWindowRect: true, strictFileInteractability: false, timeouts: {implicit: 0, pageLoad: 300000, script: 30000}, unhandledPromptBehavior: dismiss and notify, webauthn:extension:credBlob: true, webauthn:extension:largeBlob: true, webauthn:extension:minPinLength: true, webauthn:extension:prf: true, webauthn:virtualAuthenticators: true}
Element: [[EdgeDriver: MicrosoftEdge on windows (6a3c6a82bc95a5942743f49e0d9caa18)] -> link text: Sign Out]
Session ID: 6a3c6a82bc95a5942743f49e0d9caa18]]>
            </message>
            <full-stacktrace>
              <![CDATA[org.openqa.selenium.ElementNotInteractableException: element not interactable: element has zero size
  (Session info: MicrosoftEdge=130.0.2849.68)
Build info: version: '4.12.0', revision: '249f2a7d1b*'
System info: os.name: 'Windows 10', os.arch: 'amd64', os.version: '10.0', java.version: '17.0.10'
Driver info: org.openqa.selenium.edge.EdgeDriver
Command: [6a3c6a82bc95a5942743f49e0d9caa18, clickElement {id=f.74BA0D3A7278B19855E7EB48C0A2C25E.d.960288A55520FC7B77E92CF1AD9D0EF8.e.1754}]
Capabilities {acceptInsecureCerts: false, browserName: MicrosoftEdge, browserVersion: 130.0.2849.68, fedcm:accounts: true, ms:edgeOptions: {debuggerAddress: localhost:60191}, msedge: {msedgedriverVersion: 130.0.2849.80 (bbf5e2881b22..., userDataDir: C:\Users\BHIMAS~1\AppData\L...}, networkConnectionEnabled: false, pageLoadStrategy: normal, platformName: windows, proxy: Proxy(), se:cdp: ws://localhost:60191/devtoo..., se:cdpVersion: 130.0.2849.68, setWindowRect: true, strictFileInteractability: false, timeouts: {implicit: 0, pageLoad: 300000, script: 30000}, unhandledPromptBehavior: dismiss and notify, webauthn:extension:credBlob: true, webauthn:extension:largeBlob: true, webauthn:extension:minPinLength: true, webauthn:extension:prf: true, webauthn:virtualAuthenticators: true}
Element: [[EdgeDriver: MicrosoftEdge on windows (6a3c6a82bc95a5942743f49e0d9caa18)] -> link text: Sign Out]
Session ID: 6a3c6a82bc95a5942743f49e0d9caa18
at java.base/jdk.internal.reflect.NativeConstructorAccessorImpl.newInstance0(Native Method)
at java.base/jdk.internal.reflect.NativeConstructorAccessorImpl.newInstance(NativeConstructorAccessorImpl.java:77)
at java.base/jdk.internal.reflect.DelegatingConstructorAccessorImpl.newInstance(DelegatingConstructorAccessorImpl.java:45)
at java.base/java.lang.reflect.Constructor.newInstanceWithCaller(Constructor.java:499)
at java.base/java.lang.reflect.Constructor.newInstance(Constructor.java:480)
at org.openqa.selenium.remote.codec.w3c.W3CHttpResponseCodec.createException(W3CHttpResponseCodec.java:200)
at org.openqa.selenium.remote.codec.w3c.W3CHttpResponseCodec.decode(W3CHttpResponseCodec.java:133)
at org.openqa.selenium.remote.codec.w3c.W3CHttpResponseCodec.decode(W3CHttpResponseCodec.java:52)
at org.openqa.selenium.remote.HttpCommandExecutor.execute(HttpCommandExecutor.java:191)
at org.openqa.selenium.remote.service.DriverCommandExecutor.invokeExecute(DriverCommandExecutor.java:196)
at org.openqa.selenium.remote.service.DriverCommandExecutor.execute(DriverCommandExecutor.java:171)
at org.openqa.selenium.remote.RemoteWebDriver.execute(RemoteWebDriver.java:602)
at org.openqa.selenium.remote.RemoteWebElement.execute(RemoteWebElement.java:224)
at org.openqa.selenium.remote.RemoteWebElement.click(RemoteWebElement.java:77)
at java.base/jdk.internal.reflect.NativeMethodAccessorImpl.invoke0(Native Method)
at java.base/jdk.internal.reflect.NativeMethodAccessorImpl.invoke(NativeMethodAccessorImpl.java:77)
at java.base/jdk.internal.reflect.DelegatingMethodAccessorImpl.invoke(DelegatingMethodAccessorImpl.java:43)
at java.base/java.lang.reflect.Method.invoke(Method.java:568)
at org.openqa.selenium.support.pagefactory.internal.LocatingElementHandler.invoke(LocatingElementHandler.java:51)
at jdk.proxy2/jdk.proxy2.$Proxy19.click(Unknown Source)
at com.comcast.crm.objectrepositoryutility.HomePage.logout(HomePage.java:100)
at com.comcast.crm.basetest.BaseClass_practice.configAM(BaseClass_practice.java:88)
at java.base/jdk.internal.reflect.NativeMethodAccessorImpl.invoke0(Native Method)
at java.base/jdk.internal.reflect.NativeMethodAccessorImpl.invoke(NativeMethodAccessorImpl.java:77)
at java.base/jdk.internal.reflect.DelegatingMethodAccessorImpl.invoke(DelegatingMethodAccessorImpl.java:43)
at java.base/java.lang.reflect.Method.invoke(Method.java:568)
at org.testng.internal.invokers.MethodInvocationHelper.invokeMethod(MethodInvocationHelper.java:139)
at org.testng.internal.invokers.MethodInvocationHelper.invokeMethodConsideringTimeout(MethodInvocationHelper.java:69)
at org.testng.internal.invokers.ConfigInvoker.invokeConfigurationMethod(ConfigInvoker.java:361)
at org.testng.internal.invokers.ConfigInvoker.invokeConfigurations(ConfigInvoker.java:296)
at org.testng.internal.invokers.TestInvoker.runConfigMethods(TestInvoker.java:823)
at org.testng.internal.invokers.TestInvoker.runAfterConfigurations(TestInvoker.java:792)
at org.testng.internal.invokers.TestInvoker.invokeMethod(TestInvoker.java:768)
at org.testng.internal.invokers.TestInvoker.invokeTestMethod(TestInvoker.java:221)
at org.testng.internal.invokers.MethodRunner.runInSequence(MethodRunner.java:50)
at org.testng.internal.invokers.TestInvoker$MethodInvocationAgent.invoke(TestInvoker.java:969)
at org.testng.internal.invokers.TestInvoker.invokeTestMethods(TestInvoker.java:194)
at org.testng.internal.invokers.TestMethodWorker.invokeTestMethods(TestMethodWorker.java:148)
at org.testng.internal.invokers.TestMethodWorker.run(TestMethodWorker.java:128)
at java.base/java.util.ArrayList.forEach(ArrayList.java:1511)
at org.testng.TestRunner.privateRun(TestRunner.java:829)
at org.testng.TestRunner.run(TestRunner.java:602)
at org.testng.SuiteRunner.runTest(SuiteRunner.java:437)
at org.testng.SuiteRunner.runSequentially(SuiteRunner.java:431)
at org.testng.SuiteRunner.privateRun(SuiteRunner.java:391)
at org.testng.SuiteRunner.run(SuiteRunner.java:330)
at org.testng.SuiteRunnerWorker.runSuite(SuiteRunnerWorker.java:52)
at org.testng.SuiteRunnerWorker.run(SuiteRunnerWorker.java:95)
at org.testng.TestNG.runSuitesSequentially(TestNG.java:1256)
at org.testng.TestNG.runSuitesLocally(TestNG.java:1176)
at org.testng.TestNG.runSuites(TestNG.java:1099)
at org.testng.TestNG.run(TestNG.java:1067)
at org.apache.maven.surefire.testng.TestNGExecutor.run(TestNGExecutor.java:308)
at org.apache.maven.surefire.testng.TestNGXmlTestSuite.execute(TestNGXmlTestSuite.java:71)
at org.apache.maven.surefire.testng.TestNGProvider.invoke(TestNGProvider.java:113)
at org.apache.maven.surefire.booter.ForkedBooter.runSuitesInProcess(ForkedBooter.java:385)
at org.apache.maven.surefire.booter.ForkedBooter.execute(ForkedBooter.java:162)
at org.apache.maven.surefire.booter.ForkedBooter.run(ForkedBooter.java:507)
at org.apache.maven.surefire.booter.ForkedBooter.main(ForkedBooter.java:495)
]]>
            </full-stacktrace>
          </exception> <!-- org.openqa.selenium.ElementNotInteractableException -->
          <reporter-output>
            <line>
              <![CDATA[==== Logout AM =====]]>
            </line>
          </reporter-output>
        </test-method> <!-- configAM -->
        <test-method is-config="true" signature="configAC()[pri:0, instance:com.comcast.crm.orgtest.CreateOrg_Indu_Phone_Test@37afeb11]" started-at="2024-11-11T10:15:25 IST" name="configAC" finished-at="2024-11-11T10:15:25 IST" duration-ms="0" status="SKIP">
          <reporter-output>
          </reporter-output>
        </test-method> <!-- configAC -->
        <test-method is-config="true" signature="configAS()[pri:0, instance:com.comcast.crm.orgtest.CreateOrg_Indu_Phone_Test@37afeb11]" started-at="2024-11-11T10:16:40 IST" name="configAS" finished-at="2024-11-11T10:16:40 IST" duration-ms="2" status="PASS">
          <reporter-output>
            <line>
              <![CDATA[=== close DB, Report Backup AS ====]]>
            </line>
          </reporter-output>
        </test-method> <!-- configAS -->
      </class> <!-- com.comcast.crm.orgtest.CreateOrg_Indu_Phone_Test -->
    </test> <!-- Test -->
  </suite> <!-- Suite -->
</testng-results>
